0 info it worked if it ends with ok
1 verbose cli [ '/usr/local/bin/node', '/usr/local/bin/npm', 'run', 'serve' ]
2 info using npm@3.10.8
3 info using node@v6.9.1
4 verbose run-script [ 'preserve', 'serve', 'postserve' ]
5 info lifecycle angular-tunes@0.2.1~preserve: angular-tunes@0.2.1
6 silly lifecycle angular-tunes@0.2.1~preserve: no script for preserve, continuing
7 info lifecycle angular-tunes@0.2.1~serve: angular-tunes@0.2.1
8 verbose lifecycle angular-tunes@0.2.1~serve: unsafe-perm in lifecycle true
9 verbose lifecycle angular-tunes@0.2.1~serve: PATH: /usr/local/lib/node_modules/npm/bin/node-gyp-bin:/app/node_modules/.bin:/usr/local/sbin:/usr/local/bin:/usr/sbin:/usr/bin:/sbin:/bin
10 verbose lifecycle angular-tunes@0.2.1~serve: CWD: /app
11 silly lifecycle angular-tunes@0.2.1~serve: Args: [ '-c', 'webpack-dev-server --inline --progress' ]
12 silly lifecycle angular-tunes@0.2.1~serve: Returned: code: 1  signal: null
13 info lifecycle angular-tunes@0.2.1~serve: Failed to exec serve script
14 verbose stack Error: angular-tunes@0.2.1 serve: `webpack-dev-server --inline --progress`
14 verbose stack Exit status 1
14 verbose stack     at EventEmitter.<anonymous> (/usr/local/lib/node_modules/npm/lib/utils/lifecycle.js:255:16)
14 verbose stack     at emitTwo (events.js:106:13)
14 verbose stack     at EventEmitter.emit (events.js:191:7)
14 verbose stack     at ChildProcess.<anonymous> (/usr/local/lib/node_modules/npm/lib/utils/spawn.js:40:14)
14 verbose stack     at emitTwo (events.js:106:13)
14 verbose stack     at ChildProcess.emit (events.js:191:7)
14 verbose stack     at maybeClose (internal/child_process.js:877:16)
14 verbose stack     at Process.ChildProcess._handle.onexit (internal/child_process.js:226:5)
15 verbose pkgid angular-tunes@0.2.1
16 verbose cwd /app
17 error Linux 4.4.24-boot2docker
18 error argv "/usr/local/bin/node" "/usr/local/bin/npm" "run" "serve"
19 error node v6.9.1
20 error npm  v3.10.8
21 error code ELIFECYCLE
22 error angular-tunes@0.2.1 serve: `webpack-dev-server --inline --progress`
22 error Exit status 1
23 error Failed at the angular-tunes@0.2.1 serve script 'webpack-dev-server --inline --progress'.
23 error Make sure you have the latest version of node.js and npm installed.
23 error If you do, this is most likely a problem with the angular-tunes package,
23 error not with npm itself.
23 error Tell the author that this fails on your system:
23 error     webpack-dev-server --inline --progress
23 error You can get information on how to open an issue for this project with:
23 error     npm bugs angular-tunes
23 error Or if that isn't available, you can get their info via:
23 error     npm owner ls angular-tunes
23 error There is likely additional logging output above.
24 verbose exit [ 1, true ]
